[2026-06-18T07:19:34Z] ========== USV OCCUPANCY UPDATE START ==========
[2026-06-18T07:19:34Z] RUN /opt/hostedtoolcache/Python/3.12.13/x64/bin/python /home/runner/work/usv-occupancy-data/usv-occupancy-data/tools/fetch_usv_corp_e_orar.py --output /home/runner/work/usv-occupancy-data/usv-occupancy-data/data/_tmp_occupancy-corp-e-20260618-071934.json --scan-max 850 --workers 16
[2026-06-18T07:21:05Z]   Testing Orar access with known E005 page...
[2026-06-18T07:21:05Z]   Discovering Corp E rooms...
[2026-06-18T07:21:05Z]   Index/text discovery: 53 room labels. Now finding real Orar URLs by ID scan.
[2026-06-18T07:21:05Z]   Scanning Orar room IDs 1-850...
[2026-06-18T07:21:05Z]     found ED004 -> ID 81
[2026-06-18T07:21:05Z]     found E210 -> ID 83
[2026-06-18T07:21:05Z]     found E223 -> ID 85
[2026-06-18T07:21:05Z]     found E205 -> ID 84
[2026-06-18T07:21:05Z]     found E213 -> ID 82
[2026-06-18T07:21:05Z]     scanned 100/850
[2026-06-18T07:21:05Z]     found ED001 -> ID 115
[2026-06-18T07:21:05Z]     found E209 -> ID 116
[2026-06-18T07:21:05Z]     found E230 -> ID 136
[2026-06-18T07:21:05Z]     found E206 -> ID 141
[2026-06-18T07:21:05Z]     found E129 -> ID 135
[2026-06-18T07:21:05Z]     found E003 -> ID 153
[2026-06-18T07:21:05Z]     found E216 -> ID 150
[2026-06-18T07:21:05Z]     found E219 -> ID 155
[2026-06-18T07:21:05Z]     found E005 -> ID 156
[2026-06-18T07:21:05Z]     found E120 -> ID 182
[2026-06-18T07:21:05Z]     found E220 -> ID 186
[2026-06-18T07:21:05Z]     found ED016 -> ID 195
[2026-06-18T07:21:05Z]     found E123 -> ID 193
[2026-06-18T07:21:05Z]     found ED024 -> ID 194
[2026-06-18T07:21:05Z]     found ED011 -> ID 200
[2026-06-18T07:21:05Z]     scanned 200/850
[2026-06-18T07:21:05Z]     found ED028 -> ID 203
[2026-06-18T07:21:05Z]     found E101 -> ID 197
[2026-06-18T07:21:05Z]     found E201 -> ID 192
[2026-06-18T07:21:05Z]     found E233 -> ID 201
[2026-06-18T07:21:05Z]     found E224 -> ID 207
[2026-06-18T07:21:05Z]     found E126 -> ID 213
[2026-06-18T07:21:05Z]     found E119 -> ID 218
[2026-06-18T07:21:05Z]     found ED015 -> ID 222
[2026-06-18T07:21:05Z]     found E118 -> ID 230
[2026-06-18T07:21:05Z]     scanned 300/850
[2026-06-18T07:21:05Z]     found E113 -> ID 308
[2026-06-18T07:21:05Z]     found E132 -> ID 307
[2026-06-18T07:21:05Z]     found E032 -> ID 314
[2026-06-18T07:21:05Z]     found E110 -> ID 309
[2026-06-18T07:21:05Z]     found E109 -> ID 310
[2026-06-18T07:21:05Z]     found E106 -> ID 311
[2026-06-18T07:21:05Z]     found E105 -> ID 312
[2026-06-18T07:21:05Z]     found E034 -> ID 315
[2026-06-18T07:21:05Z]     found E227 -> ID 313
[2026-06-18T07:21:05Z]     found E036 -> ID 316
[2026-06-18T07:21:05Z]     found E026 -> ID 318
[2026-06-18T07:21:05Z]     found E218 -> ID 322
[2026-06-18T07:21:05Z]     found E217 -> ID 325
[2026-06-18T07:21:05Z]     found E039 -> ID 334
[2026-06-18T07:21:05Z]     found E221 -> ID 370
[2026-06-18T07:21:05Z]     found E124 -> ID 380
[2026-06-18T07:21:05Z]     found ED003 -> ID 386
[2026-06-18T07:21:05Z]     found E235 -> ID 388
[2026-06-18T07:21:05Z]     found ED010 -> ID 398
[2026-06-18T07:21:05Z]     found ED013 -> ID 400
[2026-06-18T07:21:05Z]     scanned 400/850
[2026-06-18T07:21:05Z]     found ED012 -> ID 401
[2026-06-18T07:21:05Z]     found E208 -> ID 404
[2026-06-18T07:21:05Z]     found E228 -> ID 406
[2026-06-18T07:21:05Z]     found E203 -> ID 407
[2026-06-18T07:21:05Z]     found E212 -> ID 409
[2026-06-18T07:21:05Z]     found E229 -> ID 411
[2026-06-18T07:21:05Z]     found E0010 -> ID 413
[2026-06-18T07:21:05Z]     found E211 -> ID 414
[2026-06-18T07:21:05Z]     found E232 -> ID 418
[2026-06-18T07:21:05Z]     found E238 -> ID 446
[2026-06-18T07:21:05Z]     found E204 -> ID 447
[2026-06-18T07:21:05Z]     found E207 -> ID 448
[2026-06-18T07:21:05Z]     found E231 -> ID 449
[2026-06-18T07:21:05Z]     found E214 -> ID 450
[2026-06-18T07:21:05Z]     found E234 -> ID 455
[2026-06-18T07:21:05Z]     found E015 -> ID 472
[2026-06-18T07:21:05Z]     found E125 -> ID 485
[2026-06-18T07:21:05Z]     found E222 -> ID 487
[2026-06-18T07:21:05Z]     scanned 500/850
[2026-06-18T07:21:05Z]     found ED022 -> ID 524
[2026-06-18T07:21:05Z]     found AULAE -> ID 521
[2026-06-18T07:21:05Z]     found E011A -> ID 529
[2026-06-18T07:21:05Z]     found E215 -> ID 549
[2026-06-18T07:21:05Z]     found E237 -> ID 560
[2026-06-18T07:21:05Z]     found E240 -> ID 577
[2026-06-18T07:21:05Z]     found E236 -> ID 582
[2026-06-18T07:21:05Z]     scanned 600/850
[2026-06-18T07:21:05Z]     found ED005 -> ID 641
[2026-06-18T07:21:05Z]     found E116 -> ID 674
[2026-06-18T07:21:05Z]     scanned 700/850
[2026-06-18T07:21:05Z]     scanned 800/850
[2026-06-18T07:21:05Z]   Scraping schedules for 77 rooms...
[2026-06-18T07:21:05Z]   [1/77] AULAE
[2026-06-18T07:21:05Z]       events: 55
[2026-06-18T07:21:05Z]   [2/77] E0010
[2026-06-18T07:21:05Z]       events: 4
[2026-06-18T07:21:05Z]   [3/77] E003
[2026-06-18T07:21:05Z]       events: 6
[2026-06-18T07:21:05Z]   [4/77] E005
[2026-06-18T07:21:05Z]       events: 143
[2026-06-18T07:21:05Z]   [5/77] E011A
[2026-06-18T07:21:05Z]       events: 0
[2026-06-18T07:21:05Z]   [6/77] E015
[2026-06-18T07:21:05Z]       events: 0
[2026-06-18T07:21:05Z]   [7/77] E026
[2026-06-18T07:21:05Z]       events: 30
[2026-06-18T07:21:05Z]   [8/77] E032
[2026-06-18T07:21:05Z]       events: 41
[2026-06-18T07:21:05Z]   [9/77] E034
[2026-06-18T07:21:05Z]       events: 0
[2026-06-18T07:21:05Z]   [10/77] E036
[2026-06-18T07:21:05Z]       events: 40
[2026-06-18T07:21:05Z]   [11/77] E039
[2026-06-18T07:21:05Z]       events: 24
[2026-06-18T07:21:05Z]   [12/77] E101
[2026-06-18T07:21:05Z]       events: 155
[2026-06-18T07:21:05Z]   [13/77] E105
[2026-06-18T07:21:05Z]       events: 82
[2026-06-18T07:21:05Z]   [14/77] E106
[2026-06-18T07:21:05Z]       events: 58
[2026-06-18T07:21:05Z]   [15/77] E109
[2026-06-18T07:21:05Z]       events: 65
[2026-06-18T07:21:05Z]   [16/77] E110
[2026-06-18T07:21:05Z]       events: 63
[2026-06-18T07:21:05Z]   [17/77] E113
[2026-06-18T07:21:05Z]       events: 79
[2026-06-18T07:21:05Z]   [18/77] E116
[2026-06-18T07:21:05Z]       events: 0
[2026-06-18T07:21:05Z]   [19/77] E118
[2026-06-18T07:21:05Z]       events: 70
[2026-06-18T07:21:05Z]   [20/77] E119
[2026-06-18T07:21:05Z]       events: 135
[2026-06-18T07:21:05Z]   [21/77] E120
[2026-06-18T07:21:05Z]       events: 93
[2026-06-18T07:21:05Z]   [22/77] E123
[2026-06-18T07:21:05Z]       events: 127
[2026-06-18T07:21:05Z]   [23/77] E124
[2026-06-18T07:21:05Z]       events: 2
[2026-06-18T07:21:05Z]   [24/77] E125
[2026-06-18T07:21:05Z]       events: 0
[2026-06-18T07:21:05Z]   [25/77] E126
[2026-06-18T07:21:05Z]       events: 105
[2026-06-18T07:21:05Z]   [26/77] E129
[2026-06-18T07:21:05Z]       events: 91
[2026-06-18T07:21:05Z]   [27/77] E132
[2026-06-18T07:21:05Z]       events: 74
[2026-06-18T07:21:05Z]   [28/77] E201
[2026-06-18T07:21:05Z]       events: 155
[2026-06-18T07:21:05Z]   [29/77] E203
[2026-06-18T07:21:05Z]       events: 4
[2026-06-18T07:21:05Z]   [30/77] E204
[2026-06-18T07:21:05Z]       events: 0
[2026-06-18T07:21:05Z]   [31/77] E205
[2026-06-18T07:21:05Z]       events: 178
[2026-06-18T07:21:05Z]   [32/77] E206
[2026-06-18T07:21:05Z]       events: 78
[2026-06-18T07:21:05Z]   [33/77] E207
[2026-06-18T07:21:05Z]       events: 0
[2026-06-18T07:21:05Z]   [34/77] E208
[2026-06-18T07:21:05Z]       events: 4
[2026-06-18T07:21:05Z]   [35/77] E209
[2026-06-18T07:21:05Z]       events: 85
[2026-06-18T07:21:05Z]   [36/77] E210
[2026-06-18T07:21:05Z]       events: 176
[2026-06-18T07:21:05Z]   [37/77] E211
[2026-06-18T07:21:05Z]       events: 4
[2026-06-18T07:21:05Z]   [38/77] E212
[2026-06-18T07:21:05Z]       events: 6
[2026-06-18T07:21:05Z]   [39/77] E213
[2026-06-18T07:21:05Z]       events: 152
[2026-06-18T07:21:05Z]   [40/77] E214
[2026-06-18T07:21:05Z]       events: 0
[2026-06-18T07:21:05Z]   [41/77] E215
[2026-06-18T07:21:05Z]       events: 0
[2026-06-18T07:21:05Z]   [42/77] E216
[2026-06-18T07:21:05Z]       events: 78
[2026-06-18T07:21:05Z]   [43/77] E217
[2026-06-18T07:21:05Z]       events: 39
[2026-06-18T07:21:05Z]   [44/77] E218
[2026-06-18T07:21:05Z]       events: 95
[2026-06-18T07:21:05Z]   [45/77] E219
[2026-06-18T07:21:05Z]       events: 2
[2026-06-18T07:21:05Z]   [46/77] E220
[2026-06-18T07:21:05Z]       events: 122
[2026-06-18T07:21:05Z]   [47/77] E221
[2026-06-18T07:21:05Z]       events: 0
[2026-06-18T07:21:05Z]   [48/77] E222
[2026-06-18T07:21:05Z]       events: 0
[2026-06-18T07:21:05Z]   [49/77] E223
[2026-06-18T07:21:05Z]       events: 96
[2026-06-18T07:21:05Z]   [50/77] E224
[2026-06-18T07:21:05Z]       events: 115
[2026-06-18T07:21:05Z]   [51/77] E227
[2026-06-18T07:21:05Z]       events: 105
[2026-06-18T07:21:05Z]   [52/77] E228
[2026-06-18T07:21:05Z]       events: 10
[2026-06-18T07:21:05Z]   [53/77] E229
[2026-06-18T07:21:05Z]       events: 8
[2026-06-18T07:21:05Z]   [54/77] E230
[2026-06-18T07:21:05Z]       events: 78
[2026-06-18T07:21:05Z]   [55/77] E231
[2026-06-18T07:21:05Z]       events: 0
[2026-06-18T07:21:05Z]   [56/77] E232
[2026-06-18T07:21:05Z]       events: 12
[2026-06-18T07:21:05Z]   [57/77] E233
[2026-06-18T07:21:05Z]       events: 117
[2026-06-18T07:21:05Z]   [58/77] E234
[2026-06-18T07:21:05Z]       events: 0
[2026-06-18T07:21:05Z]   [59/77] E235
[2026-06-18T07:21:05Z]       events: 0
[2026-06-18T07:21:05Z]   [60/77] E236
[2026-06-18T07:21:05Z]       events: 0
[2026-06-18T07:21:05Z]   [61/77] E237
[2026-06-18T07:21:05Z]       events: 4
[2026-06-18T07:21:05Z]   [62/77] E238
[2026-06-18T07:21:05Z]       events: 0
[2026-06-18T07:21:05Z]   [63/77] E240
[2026-06-18T07:21:05Z]       events: 6
[2026-06-18T07:21:05Z]   [64/77] ED001
[2026-06-18T07:21:05Z]       events: 83
[2026-06-18T07:21:05Z]   [65/77] ED003
[2026-06-18T07:21:05Z]       events: 13
[2026-06-18T07:21:05Z]   [66/77] ED004
[2026-06-18T07:21:05Z]       events: 80
[2026-06-18T07:21:05Z]   [67/77] ED005
[2026-06-18T07:21:05Z]       events: 55
[2026-06-18T07:21:05Z]   [68/77] ED010
[2026-06-18T07:21:05Z]       events: 21
[2026-06-18T07:21:05Z]   [69/77] ED011
[2026-06-18T07:21:05Z]       events: 75
[2026-06-18T07:21:05Z]   [70/77] ED012
[2026-06-18T07:21:05Z]       events: 30
[2026-06-18T07:21:05Z]   [71/77] ED013
[2026-06-18T07:21:05Z]       events: 15
[2026-06-18T07:21:05Z]   [72/77] ED015
[2026-06-18T07:21:05Z]       events: 94
[2026-06-18T07:21:05Z]   [73/77] ED016
[2026-06-18T07:21:05Z]       events: 171
[2026-06-18T07:21:05Z]   [74/77] ED022
[2026-06-18T07:21:05Z]       events: 30
[2026-06-18T07:21:05Z]   [75/77] ED024
[2026-06-18T07:21:05Z]       events: 60
[2026-06-18T07:21:05Z]   [76/77] ED028
[2026-06-18T07:21:05Z]       events: 75
[2026-06-18T07:21:05Z]   [77/77] ED042
[2026-06-18T07:21:05Z]       events: 0
[2026-06-18T07:21:05Z]   
[2026-06-18T07:21:05Z]   DONE
[2026-06-18T07:21:05Z]   Written: /home/runner/work/usv-occupancy-data/usv-occupancy-data/data/_tmp_occupancy-corp-e-20260618-071934.json
[2026-06-18T07:21:05Z]   Rooms: 77 | Events: 4073
[2026-06-18T07:21:05Z] PROMOTED _tmp_occupancy-corp-e-20260618-071934.json -> /home/runner/work/usv-occupancy-data/usv-occupancy-data/data/occupancy-corp-e.json
[2026-06-18T07:21:05Z] RUN /opt/hostedtoolcache/Python/3.12.13/x64/bin/python /home/runner/work/usv-occupancy-data/usv-occupancy-data/tools/fetch_usv_academic_calendar.py --out /home/runner/work/usv-occupancy-data/usv-occupancy-data/data/_tmp_academic-calendar-20260618-071934.json
[2026-06-18T07:21:07Z]   Fetching academic calendar: https://usv.ro/academic/calendar-academic/
[2026-06-18T07:21:07Z]   DONE
[2026-06-18T07:21:07Z]   Written: /home/runner/work/usv-occupancy-data/usv-occupancy-data/data/_tmp_academic-calendar-20260618-071934.json
[2026-06-18T07:21:07Z]   Teaching periods: 2
[2026-06-18T07:21:07Z]   Vacations: 4
[2026-06-18T07:21:07Z]   Sessions: 3
[2026-06-18T07:21:07Z] PROMOTED _tmp_academic-calendar-20260618-071934.json -> /home/runner/work/usv-occupancy-data/usv-occupancy-data/data/academic-calendar.json
[2026-06-18T07:21:07Z] HEALTH {"status": "ok", "lastUpdated": "2026-06-18T07:21:07Z", "occupancyGeneratedAt": "2026-06-18T07:21:05", "message": "occupancy updated; calendar updated", "occupancyValidation": "OK rooms=77, events=4073, badTime=0", "calendarValidation": "OK teaching=2, vacations=4, sessions=3", "rooms": 77, "events": 4073, "calendar": "ok", "source": "orar.usv.ro + usv.ro academic calendar", "version": "v7-auto-pipeline"}
[2026-06-18T07:21:07Z] ========== USV OCCUPANCY UPDATE END ==========
